[11:51:10:714] [INFO] - com.mongodb.diagnostics.logging.SLF4JLogger.info(SLF4JLogger.java:71) - Cluster created with settings {hosts=[127.0.0.1:27017], mode=SINGLE, requiredClusterType=UNKNOWN, serverSelectionTimeout='30000 ms', maxWaitQueueSize=500}
[11:51:10:828] [INFO] - com.mongodb.diagnostics.logging.SLF4JLogger.info(SLF4JLogger.java:71) - No server chosen by ReadPreferenceServerSelector{readPreference=primary} from cluster description ClusterDescription{type=UNKNOWN, connectionMode=SINGLE, all=[ServerDescription{address=127.0.0.1:27017, type=UNKNOWN, state=CONNECTING}]}. Waiting for 30000 ms before timing out
[11:51:10:853] [INFO] - com.mongodb.diagnostics.logging.SLF4JLogger.info(SLF4JLogger.java:71) - Opened connection [connectionId{localValue:3, serverValue:266}] to 127.0.0.1:27017
[11:51:10:857] [INFO] - com.mongodb.diagnostics.logging.SLF4JLogger.info(SLF4JLogger.java:71) - Monitor thread successfully connected to server with description ServerDescription{address=127.0.0.1:27017, type=STANDALONE, state=CONNECTED, ok=true, version=ServerVersion{versionList=[4, 0, 1]}, minWireVersion=0, maxWireVersion=7, maxDocumentSize=16777216, roundTripTimeNanos=706370}
[11:51:10:885] [INFO] - com.mongodb.diagnostics.logging.SLF4JLogger.info(SLF4JLogger.java:71) - Opened connection [connectionId{localValue:4, serverValue:267}] to 127.0.0.1:27017
[11:51:10:984] [INFO] - org.springframework.boot.StartupInfoLogger.logStarting(StartupInfoLogger.java:48) - Starting DemoApplication on LiXiang with PID 12892 (D:\work\mongodb-demo\mongodb-simple\target\classes started by lixiang in D:\work\mongodb-demo)
[11:51:10:986] [INFO] - org.springframework.boot.SpringApplication.logStartupProfileInfo(SpringApplication.java:637) - No active profile set, falling back to default profiles: default
[11:51:11:075] [INFO] - org.springframework.context.support.AbstractApplicationContext.prepareRefresh(AbstractApplicationContext.java:582) - Refreshing org.springframework.boot.context.embedded.AnnotationConfigEmbeddedWebApplicationContext@5dbe30be: startup date [Wed Aug 15 11:51:11 CST 2018]; root of context hierarchy
[11:51:11:279] [INFO] - org.hibernate.validator.internal.util.Version.<clinit>(Version.java:30) - HV000001: Hibernate Validator 5.3.4.Final
[11:51:12:088] [INFO] - org.springframework.context.support.PostProcessorRegistrationDelegate$BeanPostProcessorChecker.postProcessAfterInitialization(PostProcessorRegistrationDelegate.java:325) - Bean 'org.springframework.boot.autoconfigure.validation.ValidationAutoConfiguration' of type [class org.springframework.boot.autoconfigure.validation.ValidationAutoConfiguration] is not eligible for getting processed by all BeanPostProcessors (for example: not eligible for auto-proxying)
[11:51:12:171] [INFO] - org.springframework.context.support.PostProcessorRegistrationDelegate$BeanPostProcessorChecker.postProcessAfterInitialization(PostProcessorRegistrationDelegate.java:325) - Bean 'validator' of type [class org.springframework.validation.beanvalidation.LocalValidatorFactoryBean] is not eligible for getting processed by all BeanPostProcessors (for example: not eligible for auto-proxying)
[11:51:12:435] [INFO] - org.springframework.boot.context.embedded.tomcat.TomcatEmbeddedServletContainer.initialize(TomcatEmbeddedServletContainer.java:89) - Tomcat initialized with port(s): 8081 (http)
[11:51:12:445] [INFO] - org.apache.juli.logging.DirectJDKLog.log(DirectJDKLog.java:179) - Starting service Tomcat
[11:51:12:448] [INFO] - org.apache.juli.logging.DirectJDKLog.log(DirectJDKLog.java:179) - Starting Servlet Engine: Apache Tomcat/8.5.11
[11:51:12:533] [INFO] - org.apache.juli.logging.DirectJDKLog.log(DirectJDKLog.java:179) - Initializing Spring embedded WebApplicationContext
[11:51:12:535] [INFO] - org.springframework.boot.context.embedded.EmbeddedWebApplicationContext.prepareEmbeddedWebApplicationContext(EmbeddedWebApplicationContext.java:276) - Root WebApplicationContext: initialization completed in 1463 ms
[11:51:12:679] [INFO] - org.springframework.boot.web.servlet.ServletRegistrationBean.onStartup(ServletRegistrationBean.java:190) - Mapping servlet: 'dispatcherServlet' to [/]
[11:51:12:687] [INFO] - org.springframework.boot.web.servlet.AbstractFilterRegistrationBean.configure(AbstractFilterRegistrationBean.java:258) - Mapping filter: 'characterEncodingFilter' to: [/*]
[11:51:12:689] [INFO] - org.springframework.boot.web.servlet.AbstractFilterRegistrationBean.configure(AbstractFilterRegistrationBean.java:258) - Mapping filter: 'hiddenHttpMethodFilter' to: [/*]
[11:51:12:690] [INFO] - org.springframework.boot.web.servlet.AbstractFilterRegistrationBean.configure(AbstractFilterRegistrationBean.java:258) - Mapping filter: 'httpPutFormContentFilter' to: [/*]
[11:51:12:692] [INFO] - org.springframework.boot.web.servlet.AbstractFilterRegistrationBean.configure(AbstractFilterRegistrationBean.java:258) - Mapping filter: 'requestContextFilter' to: [/*]
[11:51:12:769] [INFO] - com.mongodb.diagnostics.logging.SLF4JLogger.info(SLF4JLogger.java:71) - Cluster created with settings {hosts=[127.0.0.1:27017], mode=MULTIPLE, requiredClusterType=UNKNOWN, serverSelectionTimeout='30000 ms', maxWaitQueueSize=500}
[11:51:12:771] [INFO] - com.mongodb.diagnostics.logging.SLF4JLogger.info(SLF4JLogger.java:71) - Adding discovered server 127.0.0.1:27017 to client view of cluster
[11:51:12:800] [INFO] - com.mongodb.diagnostics.logging.SLF4JLogger.info(SLF4JLogger.java:71) - Opened connection [connectionId{localValue:5, serverValue:268}] to 127.0.0.1:27017
[11:51:12:802] [INFO] - com.mongodb.diagnostics.logging.SLF4JLogger.info(SLF4JLogger.java:71) - Monitor thread successfully connected to server with description ServerDescription{address=127.0.0.1:27017, type=STANDALONE, state=CONNECTED, ok=true, version=ServerVersion{versionList=[4, 0, 1]}, minWireVersion=0, maxWireVersion=7, maxDocumentSize=16777216, roundTripTimeNanos=414815}
[11:51:12:803] [INFO] - com.mongodb.diagnostics.logging.SLF4JLogger.info(SLF4JLogger.java:71) - Discovered cluster type of STANDALONE
[11:51:12:996] [INFO] - com.mongodb.diagnostics.logging.SLF4JLogger.info(SLF4JLogger.java:71) - Opened connection [connectionId{localValue:6, serverValue:269}] to 127.0.0.1:27017
[11:51:13:522] [INFO] - org.springframework.web.servlet.handler.AbstractHandlerMethodMapping$MappingRegistry.register(AbstractHandlerMethodMapping.java:543) - Mapped "{[/nestSave],methods=[POST]}" onto public cn.thislx.mongodbsimple.demo.entity.Classes cn.thislx.mongodbsimple.demo.controller.MongodbController.nestSave(cn.thislx.mongodbsimple.demo.entity.Classes)
[11:51:13:525] [INFO] - org.springframework.web.servlet.handler.AbstractHandlerMethodMapping$MappingRegistry.register(AbstractHandlerMethodMapping.java:543) - Mapped "{[/singleSave],methods=[POST]}" onto public cn.thislx.mongodbsimple.demo.entity.Student cn.thislx.mongodbsimple.demo.controller.MongodbController.singleSave(cn.thislx.mongodbsimple.demo.entity.Student)
[11:51:13:526] [INFO] - org.springframework.web.servlet.handler.AbstractHandlerMethodMapping$MappingRegistry.register(AbstractHandlerMethodMapping.java:543) - Mapped "{[/upsertNestDelete],methods=[POST]}" onto public java.util.Map<java.lang.String, java.lang.String> cn.thislx.mongodbsimple.demo.controller.MongodbController.upsertNestDelete(cn.thislx.mongodbsimple.demo.entity.Condition)
[11:51:13:529] [INFO] - org.springframework.web.servlet.handler.AbstractHandlerMethodMapping$MappingRegistry.register(AbstractHandlerMethodMapping.java:543) - Mapped "{[/findClassPage],methods=[POST]}" onto public java.util.Map<java.lang.String, java.lang.Object> cn.thislx.mongodbsimple.demo.controller.MongodbController.findClassPage(cn.thislx.mongodbsimple.demo.entity.PageCondition<cn.thislx.mongodbsimple.demo.entity.Condition>)
[11:51:13:531] [INFO] - org.springframework.web.servlet.handler.AbstractHandlerMethodMapping$MappingRegistry.register(AbstractHandlerMethodMapping.java:543) - Mapped "{[/singleUpdate],methods=[POST]}" onto public java.util.Map<java.lang.String, java.lang.Object> cn.thislx.mongodbsimple.demo.controller.MongodbController.singleUpdate(cn.thislx.mongodbsimple.demo.entity.Condition)
[11:51:13:533] [INFO] - org.springframework.web.servlet.handler.AbstractHandlerMethodMapping$MappingRegistry.register(AbstractHandlerMethodMapping.java:543) - Mapped "{[/innerSave],methods=[POST]}" onto public java.util.Map<java.lang.String, java.lang.Object> cn.thislx.mongodbsimple.demo.controller.MongodbController.innerSave(cn.thislx.mongodbsimple.demo.entity.Condition)
[11:51:13:535] [INFO] - org.springframework.web.servlet.handler.AbstractHandlerMethodMapping$MappingRegistry.register(AbstractHandlerMethodMapping.java:543) - Mapped "{[/innerUpdate],methods=[POST]}" onto public java.util.Map<java.lang.String, java.lang.Object> cn.thislx.mongodbsimple.demo.controller.MongodbController.innerUpdate(cn.thislx.mongodbsimple.demo.entity.Condition)
[11:51:13:535] [INFO] - org.springframework.web.servlet.handler.AbstractHandlerMethodMapping$MappingRegistry.register(AbstractHandlerMethodMapping.java:543) - Mapped "{[/pullNestDelete],methods=[POST]}" onto public java.util.Map<java.lang.String, java.lang.String> cn.thislx.mongodbsimple.demo.controller.MongodbController.pullNestDelete(cn.thislx.mongodbsimple.demo.entity.Condition)
[11:51:13:537] [INFO] - org.springframework.web.servlet.handler.AbstractHandlerMethodMapping$MappingRegistry.register(AbstractHandlerMethodMapping.java:543) - Mapped "{[/singleDelete],methods=[POST]}" onto public java.util.Map<java.lang.String, java.lang.String> cn.thislx.mongodbsimple.demo.controller.MongodbController.singleDelete(java.lang.String)
[11:51:13:539] [INFO] - org.springframework.web.servlet.handler.AbstractHandlerMethodMapping$MappingRegistry.register(AbstractHandlerMethodMapping.java:543) - Mapped "{[/nestConditionFind],methods=[POST]}" onto public java.util.List<cn.thislx.mongodbsimple.demo.entity.Classes> cn.thislx.mongodbsimple.demo.controller.MongodbController.nestConditionFind(cn.thislx.mongodbsimple.demo.entity.Condition)
[11:51:13:541] [INFO] - org.springframework.web.servlet.handler.AbstractHandlerMethodMapping$MappingRegistry.register(AbstractHandlerMethodMapping.java:543) - Mapped "{[/findById],methods=[POST]}" onto public java.util.Map<java.lang.String, java.lang.Object> cn.thislx.mongodbsimple.demo.controller.MongodbController.findById(java.lang.String)
[11:51:13:542] [INFO] - org.springframework.web.servlet.handler.AbstractHandlerMethodMapping$MappingRegistry.register(AbstractHandlerMethodMapping.java:543) - Mapped "{[/v2/api-docs],methods=[GET],produces=[application/json || application/hal+json]}" onto public org.springframework.http.ResponseEntity<springfox.documentation.spring.web.json.Json> springfox.documentation.swagger2.web.Swagger2Controller.getDocumentation(java.lang.String,javax.servlet.http.HttpServletRequest)
[11:51:13:548] [INFO] - org.springframework.web.servlet.handler.AbstractHandlerMethodMapping$MappingRegistry.register(AbstractHandlerMethodMapping.java:543) - Mapped "{[/swagger-resources/configuration/ui]}" onto org.springframework.http.ResponseEntity<springfox.documentation.swagger.web.UiConfiguration> springfox.documentation.swagger.web.ApiResourceController.uiConfiguration()
[11:51:13:550] [INFO] - org.springframework.web.servlet.handler.AbstractHandlerMethodMapping$MappingRegistry.register(AbstractHandlerMethodMapping.java:543) - Mapped "{[/swagger-resources]}" onto org.springframework.http.ResponseEntity<java.util.List<springfox.documentation.swagger.web.SwaggerResource>> springfox.documentation.swagger.web.ApiResourceController.swaggerResources()
[11:51:13:552] [INFO] - org.springframework.web.servlet.handler.AbstractHandlerMethodMapping$MappingRegistry.register(AbstractHandlerMethodMapping.java:543) - Mapped "{[/swagger-resources/configuration/security]}" onto org.springframework.http.ResponseEntity<springfox.documentation.swagger.web.SecurityConfiguration> springfox.documentation.swagger.web.ApiResourceController.securityConfiguration()
[11:51:13:556] [INFO] - org.springframework.web.servlet.handler.AbstractHandlerMethodMapping$MappingRegistry.register(AbstractHandlerMethodMapping.java:543) - Mapped "{[/error]}" onto public org.springframework.http.ResponseEntity<java.util.Map<java.lang.String, java.lang.Object>> org.springframework.boot.autoconfigure.web.BasicErrorController.error(javax.servlet.http.HttpServletRequest)
[11:51:13:557] [INFO] - org.springframework.web.servlet.handler.AbstractHandlerMethodMapping$MappingRegistry.register(AbstractHandlerMethodMapping.java:543) - Mapped "{[/error],produces=[text/html]}" onto public org.springframework.web.servlet.ModelAndView org.springframework.boot.autoconfigure.web.BasicErrorController.errorHtml(javax.servlet.http.HttpServletRequest,javax.servlet.http.HttpServletResponse)
[11:51:13:903] [INFO] - org.springframework.web.servlet.mvc.method.annotation.RequestMappingHandlerAdapter.initControllerAdviceCache(RequestMappingHandlerAdapter.java:534) - Looking for @ControllerAdvice: org.springframework.boot.context.embedded.AnnotationConfigEmbeddedWebApplicationContext@5dbe30be: startup date [Wed Aug 15 11:51:11 CST 2018]; root of context hierarchy
[11:51:13:978] [INFO] - org.springframework.web.servlet.handler.AbstractUrlHandlerMapping.registerHandler(AbstractUrlHandlerMapping.java:354) - Mapped URL path [/webjars/**] onto handler of type [class org.springframework.web.servlet.resource.ResourceHttpRequestHandler]
[11:51:13:980] [INFO] - org.springframework.web.servlet.handler.AbstractUrlHandlerMapping.registerHandler(AbstractUrlHandlerMapping.java:354) - Mapped URL path [/**] onto handler of type [class org.springframework.web.servlet.resource.ResourceHttpRequestHandler]
[11:51:14:035] [INFO] - org.springframework.web.servlet.handler.AbstractUrlHandlerMapping.registerHandler(AbstractUrlHandlerMapping.java:354) - Mapped URL path [/**/favicon.ico] onto handler of type [class org.springframework.web.servlet.resource.ResourceHttpRequestHandler]
[11:51:14:288] [INFO] - org.springframework.jmx.export.MBeanExporter.afterSingletonsInstantiated(MBeanExporter.java:431) - Registering beans for JMX exposure on startup
[11:51:14:298] [INFO] - org.springframework.context.support.DefaultLifecycleProcessor$LifecycleGroup.start(DefaultLifecycleProcessor.java:341) - Starting beans in phase 2147483647
[11:51:14:299] [INFO] - springfox.documentation.spring.web.plugins.DocumentationPluginsBootstrapper.start(DocumentationPluginsBootstrapper.java:120) - Context refreshed
[11:51:14:323] [INFO] - springfox.documentation.spring.web.plugins.DocumentationPluginsBootstrapper.start(DocumentationPluginsBootstrapper.java:123) - Found 1 custom documentation plugin(s)
[11:51:14:337] [INFO] - springfox.documentation.spring.web.scanners.ApiListingReferenceScanner.scan(ApiListingReferenceScanner.java:41) - Scanning for api listing references
[11:51:14:630] [INFO] - org.apache.juli.logging.DirectJDKLog.log(DirectJDKLog.java:179) - Initializing ProtocolHandler ["http-nio-8081"]
[11:51:14:641] [INFO] - org.apache.juli.logging.DirectJDKLog.log(DirectJDKLog.java:179) - Starting ProtocolHandler [http-nio-8081]
[11:51:14:658] [INFO] - org.apache.juli.logging.DirectJDKLog.log(DirectJDKLog.java:179) - Using a shared selector for servlet write/read
[11:51:14:679] [INFO] - org.springframework.boot.context.embedded.tomcat.TomcatEmbeddedServletContainer.start(TomcatEmbeddedServletContainer.java:192) - Tomcat started on port(s): 8081 (http)
[11:51:14:686] [INFO] - org.springframework.boot.StartupInfoLogger.logStarted(StartupInfoLogger.java:57) - Started DemoApplication in 4.112 seconds (JVM running for 6.538)
[11:51:36:229] [INFO] - org.apache.juli.logging.DirectJDKLog.log(DirectJDKLog.java:179) - Initializing Spring FrameworkServlet 'dispatcherServlet'
[11:51:36:231] [INFO] - org.springframework.web.servlet.FrameworkServlet.initServletBean(FrameworkServlet.java:489) - FrameworkServlet 'dispatcherServlet': initialization started
[11:51:36:261] [INFO] - org.springframework.web.servlet.FrameworkServlet.initServletBean(FrameworkServlet.java:508) - FrameworkServlet 'dispatcherServlet': initialization completed in 29 ms
